<?xml version="1.0" encoding="UTF-8"?>
<!-- Generated by org.testng.reporters.JUnitReportReporter -->
<testsuite hostname="LAPTOP-66T3B3KH" failures="0" tests="1" name="testCases.TC_002_LoginTest" time="1.218" errors="0" timestamp="2024-08-28T19:20:50 IST" skipped="0">
  <testcase classname="testCases.TC_002_LoginTest" name="verify_login" time="1.218"/>
</testsuite> <!-- testCases.TC_002_LoginTest -->
