<?xml version="1.0" encoding="UTF-8"?>
<!-- Generated by org.testng.reporters.JUnitReportReporter -->
<testsuite hostname="LAPTOP-66T3B3KH" failures="0" tests="1" name="testCases.TC_001_AccountRegistrationTest" time="1.556" errors="0" timestamp="2024-08-28T19:20:50 IST" skipped="0">
  <testcase classname="testCases.TC_001_AccountRegistrationTest" name="verify_account_registration" time="1.556"/>
</testsuite> <!-- testCases.TC_001_AccountRegistrationTest -->
