<?xml version="1.0" encoding="UTF-8"?>
<!-- Generated by org.testng.reporters.JUnitReportReporter -->
<testsuite hostname="LAPTOP-66T3B3KH" failures="0" tests="5" name="testCases.TC_003_LoginDDT" time="49.265" errors="0" timestamp="2024-08-28T19:20:50 IST" skipped="0">
  <testcase classname="testCases.TC_003_LoginDDT" name="verify_LoginDDT" time="10.826"/>
  <testcase classname="testCases.TC_003_LoginDDT" name="verify_LoginDDT" time="10.951"/>
  <testcase classname="testCases.TC_003_LoginDDT" name="verify_LoginDDT" time="11.368"/>
  <testcase classname="testCases.TC_003_LoginDDT" name="verify_LoginDDT" time="4.997"/>
  <testcase classname="testCases.TC_003_LoginDDT" name="verify_LoginDDT" time="11.123"/>
</testsuite> <!-- testCases.TC_003_LoginDDT -->
