<?xml version="1.0" encoding="UTF-8"?>
<!-- Generated by org.testng.reporters.JUnitReportReporter -->
<testsuite hostname="LAPTOP-66T3B3KH" failures="0" tests="2" name="testCases.TC_001_AccountRegistrationTest" time="4.753" errors="0" timestamp="2024-08-23T22:25:37 IST" skipped="0">
  <testcase classname="testCases.TC_001_AccountRegistrationTest" name="verify_account_registration" time="2.197"/>
  <testcase classname="testCases.TC_001_AccountRegistrationTest" name="verify_account_registration" time="2.556"/>
</testsuite> <!-- testCases.TC_001_AccountRegistrationTest -->
