<?xml version="1.0" encoding="UTF-8"?>
<!-- Generated by org.testng.reporters.JUnitReportReporter -->
<testsuite hostname="LAPTOP-66T3B3KH" failures="0" tests="5" name="testCases.TC_003_LoginDDT" time="48.118" errors="0" timestamp="2024-08-23T00:30:20 IST" skipped="0">
  <testcase classname="testCases.TC_003_LoginDDT" name="verify_LoginDDT" time="10.896"/>
  <testcase classname="testCases.TC_003_LoginDDT" name="verify_LoginDDT" time="4.162"/>
  <testcase classname="testCases.TC_003_LoginDDT" name="verify_LoginDDT" time="10.905"/>
  <testcase classname="testCases.TC_003_LoginDDT" name="verify_LoginDDT" time="10.961"/>
  <testcase classname="testCases.TC_003_LoginDDT" name="verify_LoginDDT" time="11.194"/>
</testsuite> <!-- testCases.TC_003_LoginDDT -->
